<?xml version="1.0" encoding="UTF-8"?>
<testng-results skipped="0" failed="0" total="0" passed="0">
  <reporter-output>
  </reporter-output>
  <suite name="Default suite" duration-ms="260" started-at="2019-02-25T16:57:13Z" finished-at="2019-02-25T16:57:13Z">
    <groups>
      <group name="cucumber">
        <method signature="AbstractTestNGCucumberTests.feature(cucumber.api.testng.CucumberFeatureWrapper)[pri:0, instance:com.tt.testRunner.TestngTestRunner@3532ec19]" name="feature" class="cucumber.api.testng.AbstractTestNGCucumberTests"/>
      </group> <!-- cucumber -->
    </groups>
    <test name="Default test" duration-ms="260" started-at="2019-02-25T16:57:13Z" finished-at="2019-02-25T16:57:13Z">
      <class name="com.tt.testRunner.TestngTestRunner">
        <test-method status="PASS" signature="setUpClass()[pri:0, instance:com.tt.testRunner.TestngTestRunner@3532ec19]" name="setUpClass" is-config="true" duration-ms="216" started-at="2019-02-25T11:57:13Z" finished-at="2019-02-25T11:57:13Z">
          <reporter-output>
          </reporter-output>
        </test-method> <!-- setUpClass -->
        <test-method status="PASS" signature="tearDownClass()[pri:0, instance:com.tt.testRunner.TestngTestRunner@3532ec19]" name="tearDownClass" is-config="true" duration-ms="19" started-at="2019-02-25T11:57:13Z" finished-at="2019-02-25T11:57:13Z">
          <reporter-output>
          </reporter-output>
        </test-method> <!-- tearDownClass -->
      </class> <!-- com.tt.testRunner.TestngTestRunner -->
    </test> <!-- Default test -->
  </suite> <!-- Default suite -->
</testng-results>
